2013/08/03 16:22:05 [error] [exception.CException] exception 'CException' with message 'La propiedad "Bootstrap"."responsiveCss" no se encuentra definida.' in /home/chris/webserver/aplicacion/yii/framework/base/CComponent.php:173
Stack trace:
#0 /home/chris/webserver/aplicacion/yii/framework/YiiBase.php(220): CComponent->__set('responsiveCss', true)
#1 /home/chris/webserver/aplicacion/yii/framework/base/CModule.php(386): YiiBase::createComponent(Array)
#2 /home/chris/webserver/aplicacion/yii/framework/base/CModule.php(523): CModule->getComponent('bootstrap')
#3 /home/chris/webserver/aplicacion/yii/framework/base/CApplication.php(163): CModule->preloadComponents()
#4 /home/chris/webserver/aplicacion/yii/framework/YiiBase.php(125): CApplication->__construct('/home/chris/web...')
#5 /home/chris/webserver/aplicacion/yii/framework/YiiBase.php(98): YiiBase::createApplication('CWebApplication', '/home/chris/web...')
#6 /home/chris/webserver/aplicacion/index.php(13): YiiBase::createWebApplication('/home/chris/web...')
#7 {main}
REQUEST_URI=/aplicacion/
---
2013/08/03 16:22:26 [error] [exception.CException] exception 'CException' with message 'La propiedad "Bootstrap"."responsiveCss" no se encuentra definida.' in /home/chris/webserver/aplicacion/yii/framework/base/CComponent.php:173
Stack trace:
#0 /home/chris/webserver/aplicacion/yii/framework/YiiBase.php(220): CComponent->__set('responsiveCss', true)
#1 /home/chris/webserver/aplicacion/yii/framework/base/CModule.php(386): YiiBase::createComponent(Array)
#2 /home/chris/webserver/aplicacion/yii/framework/base/CModule.php(523): CModule->getComponent('bootstrap')
#3 /home/chris/webserver/aplicacion/yii/framework/base/CApplication.php(163): CModule->preloadComponents()
#4 /home/chris/webserver/aplicacion/yii/framework/YiiBase.php(125): CApplication->__construct('/home/chris/web...')
#5 /home/chris/webserver/aplicacion/yii/framework/YiiBase.php(98): YiiBase::createApplication('CWebApplication', '/home/chris/web...')
#6 /home/chris/webserver/aplicacion/index.php(13): YiiBase::createWebApplication('/home/chris/web...')
#7 {main}
REQUEST_URI=/aplicacion/
---
2013/08/03 16:22:31 [error] [exception.CException] exception 'CException' with message 'La propiedad "Bootstrap"."responsiveCss" no se encuentra definida.' in /home/chris/webserver/aplicacion/yii/framework/base/CComponent.php:173
Stack trace:
#0 /home/chris/webserver/aplicacion/yii/framework/YiiBase.php(220): CComponent->__set('responsiveCss', true)
#1 /home/chris/webserver/aplicacion/yii/framework/base/CModule.php(386): YiiBase::createComponent(Array)
#2 /home/chris/webserver/aplicacion/yii/framework/base/CModule.php(523): CModule->getComponent('bootstrap')
#3 /home/chris/webserver/aplicacion/yii/framework/base/CApplication.php(163): CModule->preloadComponents()
#4 /home/chris/webserver/aplicacion/yii/framework/YiiBase.php(125): CApplication->__construct('/home/chris/web...')
#5 /home/chris/webserver/aplicacion/yii/framework/YiiBase.php(98): YiiBase::createApplication('CWebApplication', '/home/chris/web...')
#6 /home/chris/webserver/aplicacion/index.php(13): YiiBase::createWebApplication('/home/chris/web...')
#7 {main}
REQUEST_URI=/aplicacion/
---
2013/08/03 16:23:00 [error] [exception.CException] exception 'CException' with message 'El alias "bootstrap.components.Bootstrap" es inválido. Asegúrese de que apunta a un directorio o archivo existente.' in /home/chris/webserver/aplicacion/yii/framework/YiiBase.php:349
Stack trace:
#0 /home/chris/webserver/aplicacion/yii/framework/YiiBase.php(196): YiiBase::import('bootstrap.compo...', true)
#1 /home/chris/webserver/aplicacion/yii/framework/base/CModule.php(386): YiiBase::createComponent(Array)
#2 /home/chris/webserver/aplicacion/yii/framework/base/CModule.php(523): CModule->getComponent('bootstrap')
#3 /home/chris/webserver/aplicacion/yii/framework/base/CApplication.php(163): CModule->preloadComponents()
#4 /home/chris/webserver/aplicacion/yii/framework/YiiBase.php(125): CApplication->__construct('/home/chris/web...')
#5 /home/chris/webserver/aplicacion/yii/framework/YiiBase.php(98): YiiBase::createApplication('CWebApplication', '/home/chris/web...')
#6 /home/chris/webserver/aplicacion/index.php(13): YiiBase::createWebApplication('/home/chris/web...')
#7 {main}
REQUEST_URI=/aplicacion/
---
2013/08/03 16:25:18 [error] [exception.CException] exception 'CException' with message 'El alias "bootstrap.components.Bootstrap" es inválido. Asegúrese de que apunta a un directorio o archivo existente.' in /home/chris/webserver/aplicacion/yii/framework/YiiBase.php:349
Stack trace:
#0 /home/chris/webserver/aplicacion/yii/framework/YiiBase.php(196): YiiBase::import('bootstrap.compo...', true)
#1 /home/chris/webserver/aplicacion/yii/framework/base/CModule.php(386): YiiBase::createComponent(Array)
#2 /home/chris/webserver/aplicacion/yii/framework/base/CModule.php(523): CModule->getComponent('bootstrap')
#3 /home/chris/webserver/aplicacion/yii/framework/base/CApplication.php(163): CModule->preloadComponents()
#4 /home/chris/webserver/aplicacion/yii/framework/YiiBase.php(125): CApplication->__construct('/home/chris/web...')
#5 /home/chris/webserver/aplicacion/yii/framework/YiiBase.php(98): YiiBase::createApplication('CWebApplication', '/home/chris/web...')
#6 /home/chris/webserver/aplicacion/index.php(13): YiiBase::createWebApplication('/home/chris/web...')
#7 {main}
REQUEST_URI=/aplicacion/
---
2013/08/03 16:25:22 [error] [exception.CException] exception 'CException' with message 'El alias "bootstrap.components.Bootstrap" es inválido. Asegúrese de que apunta a un directorio o archivo existente.' in /home/chris/webserver/aplicacion/yii/framework/YiiBase.php:349
Stack trace:
#0 /home/chris/webserver/aplicacion/yii/framework/YiiBase.php(196): YiiBase::import('bootstrap.compo...', true)
#1 /home/chris/webserver/aplicacion/yii/framework/base/CModule.php(386): YiiBase::createComponent(Array)
#2 /home/chris/webserver/aplicacion/yii/framework/base/CModule.php(523): CModule->getComponent('bootstrap')
#3 /home/chris/webserver/aplicacion/yii/framework/base/CApplication.php(163): CModule->preloadComponents()
#4 /home/chris/webserver/aplicacion/yii/framework/YiiBase.php(125): CApplication->__construct('/home/chris/web...')
#5 /home/chris/webserver/aplicacion/yii/framework/YiiBase.php(98): YiiBase::createApplication('CWebApplication', '/home/chris/web...')
#6 /home/chris/webserver/aplicacion/index.php(13): YiiBase::createWebApplication('/home/chris/web...')
#7 {main}
REQUEST_URI=/aplicacion/
---
2013/08/03 16:25:23 [error] [exception.CException] exception 'CException' with message 'El alias "bootstrap.components.Bootstrap" es inválido. Asegúrese de que apunta a un directorio o archivo existente.' in /home/chris/webserver/aplicacion/yii/framework/YiiBase.php:349
Stack trace:
#0 /home/chris/webserver/aplicacion/yii/framework/YiiBase.php(196): YiiBase::import('bootstrap.compo...', true)
#1 /home/chris/webserver/aplicacion/yii/framework/base/CModule.php(386): YiiBase::createComponent(Array)
#2 /home/chris/webserver/aplicacion/yii/framework/base/CModule.php(523): CModule->getComponent('bootstrap')
#3 /home/chris/webserver/aplicacion/yii/framework/base/CApplication.php(163): CModule->preloadComponents()
#4 /home/chris/webserver/aplicacion/yii/framework/YiiBase.php(125): CApplication->__construct('/home/chris/web...')
#5 /home/chris/webserver/aplicacion/yii/framework/YiiBase.php(98): YiiBase::createApplication('CWebApplication', '/home/chris/web...')
#6 /home/chris/webserver/aplicacion/index.php(13): YiiBase::createWebApplication('/home/chris/web...')
#7 {main}
REQUEST_URI=/aplicacion/
---
2013/08/03 16:25:23 [error] [exception.CException] exception 'CException' with message 'El alias "bootstrap.components.Bootstrap" es inválido. Asegúrese de que apunta a un directorio o archivo existente.' in /home/chris/webserver/aplicacion/yii/framework/YiiBase.php:349
Stack trace:
#0 /home/chris/webserver/aplicacion/yii/framework/YiiBase.php(196): YiiBase::import('bootstrap.compo...', true)
#1 /home/chris/webserver/aplicacion/yii/framework/base/CModule.php(386): YiiBase::createComponent(Array)
#2 /home/chris/webserver/aplicacion/yii/framework/base/CModule.php(523): CModule->getComponent('bootstrap')
#3 /home/chris/webserver/aplicacion/yii/framework/base/CApplication.php(163): CModule->preloadComponents()
#4 /home/chris/webserver/aplicacion/yii/framework/YiiBase.php(125): CApplication->__construct('/home/chris/web...')
#5 /home/chris/webserver/aplicacion/yii/framework/YiiBase.php(98): YiiBase::createApplication('CWebApplication', '/home/chris/web...')
#6 /home/chris/webserver/aplicacion/index.php(13): YiiBase::createWebApplication('/home/chris/web...')
#7 {main}
REQUEST_URI=/aplicacion/
---
2013/08/03 16:25:23 [error] [exception.CException] exception 'CException' with message 'El alias "bootstrap.components.Bootstrap" es inválido. Asegúrese de que apunta a un directorio o archivo existente.' in /home/chris/webserver/aplicacion/yii/framework/YiiBase.php:349
Stack trace:
#0 /home/chris/webserver/aplicacion/yii/framework/YiiBase.php(196): YiiBase::import('bootstrap.compo...', true)
#1 /home/chris/webserver/aplicacion/yii/framework/base/CModule.php(386): YiiBase::createComponent(Array)
#2 /home/chris/webserver/aplicacion/yii/framework/base/CModule.php(523): CModule->getComponent('bootstrap')
#3 /home/chris/webserver/aplicacion/yii/framework/base/CApplication.php(163): CModule->preloadComponents()
#4 /home/chris/webserver/aplicacion/yii/framework/YiiBase.php(125): CApplication->__construct('/home/chris/web...')
#5 /home/chris/webserver/aplicacion/yii/framework/YiiBase.php(98): YiiBase::createApplication('CWebApplication', '/home/chris/web...')
#6 /home/chris/webserver/aplicacion/index.php(13): YiiBase::createWebApplication('/home/chris/web...')
#7 {main}
REQUEST_URI=/aplicacion/
---
2013/08/03 16:25:23 [error] [exception.CException] exception 'CException' with message 'El alias "bootstrap.components.Bootstrap" es inválido. Asegúrese de que apunta a un directorio o archivo existente.' in /home/chris/webserver/aplicacion/yii/framework/YiiBase.php:349
Stack trace:
#0 /home/chris/webserver/aplicacion/yii/framework/YiiBase.php(196): YiiBase::import('bootstrap.compo...', true)
#1 /home/chris/webserver/aplicacion/yii/framework/base/CModule.php(386): YiiBase::createComponent(Array)
#2 /home/chris/webserver/aplicacion/yii/framework/base/CModule.php(523): CModule->getComponent('bootstrap')
#3 /home/chris/webserver/aplicacion/yii/framework/base/CApplication.php(163): CModule->preloadComponents()
#4 /home/chris/webserver/aplicacion/yii/framework/YiiBase.php(125): CApplication->__construct('/home/chris/web...')
#5 /home/chris/webserver/aplicacion/yii/framework/YiiBase.php(98): YiiBase::createApplication('CWebApplication', '/home/chris/web...')
#6 /home/chris/webserver/aplicacion/index.php(13): YiiBase::createWebApplication('/home/chris/web...')
#7 {main}
REQUEST_URI=/aplicacion/
---
2013/08/03 16:25:24 [error] [exception.CException] exception 'CException' with message 'El alias "bootstrap.components.Bootstrap" es inválido. Asegúrese de que apunta a un directorio o archivo existente.' in /home/chris/webserver/aplicacion/yii/framework/YiiBase.php:349
Stack trace:
#0 /home/chris/webserver/aplicacion/yii/framework/YiiBase.php(196): YiiBase::import('bootstrap.compo...', true)
#1 /home/chris/webserver/aplicacion/yii/framework/base/CModule.php(386): YiiBase::createComponent(Array)
#2 /home/chris/webserver/aplicacion/yii/framework/base/CModule.php(523): CModule->getComponent('bootstrap')
#3 /home/chris/webserver/aplicacion/yii/framework/base/CApplication.php(163): CModule->preloadComponents()
#4 /home/chris/webserver/aplicacion/yii/framework/YiiBase.php(125): CApplication->__construct('/home/chris/web...')
#5 /home/chris/webserver/aplicacion/yii/framework/YiiBase.php(98): YiiBase::createApplication('CWebApplication', '/home/chris/web...')
#6 /home/chris/webserver/aplicacion/index.php(13): YiiBase::createWebApplication('/home/chris/web...')
#7 {main}
REQUEST_URI=/aplicacion/
---
2013/08/03 16:25:24 [error] [exception.CException] exception 'CException' with message 'El alias "bootstrap.components.Bootstrap" es inválido. Asegúrese de que apunta a un directorio o archivo existente.' in /home/chris/webserver/aplicacion/yii/framework/YiiBase.php:349
Stack trace:
#0 /home/chris/webserver/aplicacion/yii/framework/YiiBase.php(196): YiiBase::import('bootstrap.compo...', true)
#1 /home/chris/webserver/aplicacion/yii/framework/base/CModule.php(386): YiiBase::createComponent(Array)
#2 /home/chris/webserver/aplicacion/yii/framework/base/CModule.php(523): CModule->getComponent('bootstrap')
#3 /home/chris/webserver/aplicacion/yii/framework/base/CApplication.php(163): CModule->preloadComponents()
#4 /home/chris/webserver/aplicacion/yii/framework/YiiBase.php(125): CApplication->__construct('/home/chris/web...')
#5 /home/chris/webserver/aplicacion/yii/framework/YiiBase.php(98): YiiBase::createApplication('CWebApplication', '/home/chris/web...')
#6 /home/chris/webserver/aplicacion/index.php(13): YiiBase::createWebApplication('/home/chris/web...')
#7 {main}
REQUEST_URI=/aplicacion/
---
2013/08/03 16:25:24 [error] [exception.CException] exception 'CException' with message 'El alias "bootstrap.components.Bootstrap" es inválido. Asegúrese de que apunta a un directorio o archivo existente.' in /home/chris/webserver/aplicacion/yii/framework/YiiBase.php:349
Stack trace:
#0 /home/chris/webserver/aplicacion/yii/framework/YiiBase.php(196): YiiBase::import('bootstrap.compo...', true)
#1 /home/chris/webserver/aplicacion/yii/framework/base/CModule.php(386): YiiBase::createComponent(Array)
#2 /home/chris/webserver/aplicacion/yii/framework/base/CModule.php(523): CModule->getComponent('bootstrap')
#3 /home/chris/webserver/aplicacion/yii/framework/base/CApplication.php(163): CModule->preloadComponents()
#4 /home/chris/webserver/aplicacion/yii/framework/YiiBase.php(125): CApplication->__construct('/home/chris/web...')
#5 /home/chris/webserver/aplicacion/yii/framework/YiiBase.php(98): YiiBase::createApplication('CWebApplication', '/home/chris/web...')
#6 /home/chris/webserver/aplicacion/index.php(13): YiiBase::createWebApplication('/home/chris/web...')
#7 {main}
REQUEST_URI=/aplicacion/
---
2013/08/03 16:25:24 [error] [exception.CException] exception 'CException' with message 'El alias "bootstrap.components.Bootstrap" es inválido. Asegúrese de que apunta a un directorio o archivo existente.' in /home/chris/webserver/aplicacion/yii/framework/YiiBase.php:349
Stack trace:
#0 /home/chris/webserver/aplicacion/yii/framework/YiiBase.php(196): YiiBase::import('bootstrap.compo...', true)
#1 /home/chris/webserver/aplicacion/yii/framework/base/CModule.php(386): YiiBase::createComponent(Array)
#2 /home/chris/webserver/aplicacion/yii/framework/base/CModule.php(523): CModule->getComponent('bootstrap')
#3 /home/chris/webserver/aplicacion/yii/framework/base/CApplication.php(163): CModule->preloadComponents()
#4 /home/chris/webserver/aplicacion/yii/framework/YiiBase.php(125): CApplication->__construct('/home/chris/web...')
#5 /home/chris/webserver/aplicacion/yii/framework/YiiBase.php(98): YiiBase::createApplication('CWebApplication', '/home/chris/web...')
#6 /home/chris/webserver/aplicacion/index.php(13): YiiBase::createWebApplication('/home/chris/web...')
#7 {main}
REQUEST_URI=/aplicacion/
---
2013/08/03 16:25:25 [error] [exception.CException] exception 'CException' with message 'El alias "bootstrap.components.Bootstrap" es inválido. Asegúrese de que apunta a un directorio o archivo existente.' in /home/chris/webserver/aplicacion/yii/framework/YiiBase.php:349
Stack trace:
#0 /home/chris/webserver/aplicacion/yii/framework/YiiBase.php(196): YiiBase::import('bootstrap.compo...', true)
#1 /home/chris/webserver/aplicacion/yii/framework/base/CModule.php(386): YiiBase::createComponent(Array)
#2 /home/chris/webserver/aplicacion/yii/framework/base/CModule.php(523): CModule->getComponent('bootstrap')
#3 /home/chris/webserver/aplicacion/yii/framework/base/CApplication.php(163): CModule->preloadComponents()
#4 /home/chris/webserver/aplicacion/yii/framework/YiiBase.php(125): CApplication->__construct('/home/chris/web...')
#5 /home/chris/webserver/aplicacion/yii/framework/YiiBase.php(98): YiiBase::createApplication('CWebApplication', '/home/chris/web...')
#6 /home/chris/webserver/aplicacion/index.php(13): YiiBase::createWebApplication('/home/chris/web...')
#7 {main}
REQUEST_URI=/aplicacion/
---
2013/08/03 16:25:25 [error] [exception.CException] exception 'CException' with message 'El alias "bootstrap.components.Bootstrap" es inválido. Asegúrese de que apunta a un directorio o archivo existente.' in /home/chris/webserver/aplicacion/yii/framework/YiiBase.php:349
Stack trace:
#0 /home/chris/webserver/aplicacion/yii/framework/YiiBase.php(196): YiiBase::import('bootstrap.compo...', true)
#1 /home/chris/webserver/aplicacion/yii/framework/base/CModule.php(386): YiiBase::createComponent(Array)
#2 /home/chris/webserver/aplicacion/yii/framework/base/CModule.php(523): CModule->getComponent('bootstrap')
#3 /home/chris/webserver/aplicacion/yii/framework/base/CApplication.php(163): CModule->preloadComponents()
#4 /home/chris/webserver/aplicacion/yii/framework/YiiBase.php(125): CApplication->__construct('/home/chris/web...')
#5 /home/chris/webserver/aplicacion/yii/framework/YiiBase.php(98): YiiBase::createApplication('CWebApplication', '/home/chris/web...')
#6 /home/chris/webserver/aplicacion/index.php(13): YiiBase::createWebApplication('/home/chris/web...')
#7 {main}
REQUEST_URI=/aplicacion/
---
2013/08/03 16:25:25 [error] [exception.CException] exception 'CException' with message 'El alias "bootstrap.components.Bootstrap" es inválido. Asegúrese de que apunta a un directorio o archivo existente.' in /home/chris/webserver/aplicacion/yii/framework/YiiBase.php:349
Stack trace:
#0 /home/chris/webserver/aplicacion/yii/framework/YiiBase.php(196): YiiBase::import('bootstrap.compo...', true)
#1 /home/chris/webserver/aplicacion/yii/framework/base/CModule.php(386): YiiBase::createComponent(Array)
#2 /home/chris/webserver/aplicacion/yii/framework/base/CModule.php(523): CModule->getComponent('bootstrap')
#3 /home/chris/webserver/aplicacion/yii/framework/base/CApplication.php(163): CModule->preloadComponents()
#4 /home/chris/webserver/aplicacion/yii/framework/YiiBase.php(125): CApplication->__construct('/home/chris/web...')
#5 /home/chris/webserver/aplicacion/yii/framework/YiiBase.php(98): YiiBase::createApplication('CWebApplication', '/home/chris/web...')
#6 /home/chris/webserver/aplicacion/index.php(13): YiiBase::createWebApplication('/home/chris/web...')
#7 {main}
REQUEST_URI=/aplicacion/
---
2013/08/03 16:36:46 [warning] [application] Error al establecer unsafe al atributo "layout" de "AweCrudCode".
in /home/chris/webserver/aplicacion/index.php (13)
2013/08/03 16:36:53 [warning] [application] Error al establecer unsafe al atributo "layout" de "AweCrudCode".
in /home/chris/webserver/aplicacion/index.php (13)
2013/08/03 16:37:08 [warning] [application] Error al establecer unsafe al atributo "layout" de "AweCrudCode".
in /home/chris/webserver/aplicacion/index.php (13)
2013/08/03 16:37:11 [warning] [application] Error al establecer unsafe al atributo "layout" de "AweCrudCode".
in /home/chris/webserver/aplicacion/index.php (13)
2013/08/03 16:37:35 [error] [exception.CHttpException.404] exception 'CHttpException' with message 'No es posible resolver la solicitud "productos"' in /home/chris/webserver/aplicacion/yii/framework/web/CWebApplication.php:286
Stack trace:
#0 /home/chris/webserver/aplicacion/yii/framework/web/CWebApplication.php(141): CWebApplication->runController('productos')
#1 /home/chris/webserver/aplicacion/yii/framework/base/CApplication.php(180): CWebApplication->processRequest()
#2 /home/chris/webserver/aplicacion/index.php(13): CApplication->run()
#3 {main}
REQUEST_URI=/aplicacion/productos
---
2013/08/03 16:55:55 [error] [system.db.CDbCommand] CDbCommand::execute() falló: SQLSTATE[23503]: Foreign key violation: 7 ERROR:  update or delete on table "categoria" violates foreign key constraint "productos_categorias_id_fkey" on table "producto"
DETAIL:  Key (id)=(1) is still referenced from table "producto".. La sentencia SQL ejecutada fue: DELETE FROM "categoria" WHERE "categoria"."id"=1.
in /home/chris/webserver/aplicacion/protected/controllers/CategoriaController.php (79)
in /home/chris/webserver/aplicacion/index.php (13)
2013/08/03 16:55:55 [error] [exception.CDbException] exception 'CDbException' with message 'CDbCommand falló al ejecutar la sentencia SQL: SQLSTATE[23503]: Foreign key violation: 7 ERROR:  update or delete on table "categoria" violates foreign key constraint "productos_categorias_id_fkey" on table "producto"
DETAIL:  Key (id)=(1) is still referenced from table "producto".. The SQL statement executed was: DELETE FROM "categoria" WHERE "categoria"."id"=1' in /home/chris/webserver/aplicacion/yii/framework/db/CDbCommand.php:358
Stack trace:
#0 /home/chris/webserver/aplicacion/yii/framework/db/ar/CActiveRecord.php(1802): CDbCommand->execute()
#1 /home/chris/webserver/aplicacion/yii/framework/db/ar/CActiveRecord.php(1222): CActiveRecord->deleteByPk(1)
#2 /home/chris/webserver/aplicacion/protected/controllers/CategoriaController.php(79): CActiveRecord->delete()
#3 [internal function]: CategoriaController->actionDelete('1')
#4 /home/chris/webserver/aplicacion/yii/framework/web/actions/CAction.php(108): ReflectionMethod->invokeArgs(Object(CategoriaController), Array)
#5 /home/chris/webserver/aplicacion/yii/framework/web/actions/CInlineAction.php(47): CAction->runWithParamsInternal(Object(CategoriaController), Object(ReflectionMethod), Array)
#6 /home/chris/webserver/aplicacion/yii/framework/web/CController.php(308): CInlineAction->runWithParams(Array)
#7 /home/chris/webserver/aplicacion/yii/framework/web/CController.php(286): CController->runAction(Object(CInlineAction))
#8 /home/chris/webserver/aplicacion/yii/framework/web/CController.php(265): CController->runActionWithFilters(Object(CInlineAction), Array)
#9 /home/chris/webserver/aplicacion/yii/framework/web/CWebApplication.php(282): CController->run('delete')
#10 /home/chris/webserver/aplicacion/yii/framework/web/CWebApplication.php(141): CWebApplication->runController('categoria/delet...')
#11 /home/chris/webserver/aplicacion/yii/framework/base/CApplication.php(180): CWebApplication->processRequest()
#12 /home/chris/webserver/aplicacion/index.php(13): CApplication->run()
#13 {main}
REQUEST_URI=/aplicacion/index.php/categoria/delete/1?ajax=categoria-grid
HTTP_REFERER=http://localhost/aplicacion/index.php/categoria/admin
---
